SF:lib/domain/entities/post_entity.dart
DA:7,1
LF:1
LH:1
end_of_record
SF:lib/domain/usecases/comment/get_comment_list_by_post.dart
DA:11,1
DA:15,1
DA:17,3
DA:24,1
LF:4
LH:4
end_of_record
SF:lib/domain/usecases/post/get_post_list_by_user.dart
DA:11,1
DA:15,1
DA:17,3
DA:24,1
LF:4
LH:4
end_of_record
SF:lib/domain/entities/comment_entity.dart
DA:8,1
LF:1
LH:1
end_of_record
SF:lib/domain/entities/user_entity.dart
DA:6,1
LF:1
LH:1
end_of_record
SF:lib/domain/usecases/user/get_user_list.dart
DA:11,1
DA:13,1
DA:15,2
LF:3
LH:3
end_of_record
